2026-03-28 20:05:44,061 - INFO - total data shape: (7043, 21)
2026-03-28 20:05:44,063 - INFO - total column names before adding: Index(['customerID', 'gender', 'SeniorCitizen', 'Partner', 'Dependents',
       'tenure', 'PhoneService', 'MultipleLines', 'InternetService',
       'OnlineSecurity', 'OnlineBackup', 'DeviceProtection', 'TechSupport',
       'StreamingTV', 'StreamingMovies', 'Contract', 'PaperlessBilling',
       'PaymentMethod', 'MonthlyCharges', 'TotalCharges', 'Churn'],
      dtype='str')
2026-03-28 20:05:44,073 - INFO - ---------------------------------------------------------------------
2026-03-28 20:05:44,080 - INFO - total column names after adding: Index(['customerID', 'gender', 'SeniorCitizen', 'Partner', 'Dependents',
       'tenure', 'PhoneService', 'MultipleLines', 'InternetService',
       'OnlineSecurity', 'OnlineBackup', 'DeviceProtection', 'TechSupport',
       'StreamingTV', 'StreamingMovies', 'Contract', 'PaperlessBilling',
       'PaymentMethod', 'MonthlyCharges', 'TotalCharges', 'Churn',
       'sim_column'],
      dtype='str')
2026-03-28 20:05:44,080 - INFO - ----------------------------------------------------------------------------------------------------
2026-03-28 20:05:44,080 - INFO - dividing the data into dependent and independent columns
2026-03-28 20:05:44,085 - INFO - independent columns:Index(['customerID', 'gender', 'SeniorCitizen', 'Partner', 'Dependents',
       'tenure', 'PhoneService', 'MultipleLines', 'InternetService',
       'OnlineSecurity', 'OnlineBackup', 'DeviceProtection', 'TechSupport',
       'StreamingTV', 'StreamingMovies', 'Contract', 'PaperlessBilling',
       'PaymentMethod', 'MonthlyCharges', 'TotalCharges', 'sim_column'],
      dtype='str')
2026-03-28 20:05:44,085 - INFO - dependent columns:Churn
2026-03-28 20:05:44,087 - INFO - dividing the data into x_train,x_test,y_train,y_test
2026-03-28 20:05:44,099 - INFO - x_train:5634, y_train:5634, x_test:1409, y_test:1409
2026-03-28 20:05:44,106 - INFO - null values in x_train:0null values in x_test:0
